
Showing logs for build [32mcb-kubecd-environment-pr-187-12-q2b2f-2[0m stage [32mfrom-build-pack[0m and container [32mstep-credential-initializer-5bl49[0m
{"level":"warn","ts":1584976010.6083615,"logger":"fallback-logger","caller":"logging/config.go:69","msg":"Fetch GitHub commit ID from kodata failed: \"ref: refs/heads/0.8.0-**-support-backwards-incompats\" is not a valid GitHub commit ID"}
{"level":"info","ts":1584976010.6087115,"logger":"fallback-logger","caller":"creds-init/main.go:40","msg":"Credentials initialized."}

Showing logs for build [32mcb-kubecd-environment-pr-187-12-q2b2f-2[0m stage [32mfrom-build-pack[0m and container [32mstep-working-dir-initializer-h8z9n[0m
{"level":"warn","ts":1584976011.8604057,"logger":"fallback-logger","caller":"logging/config.go:69","msg":"Fetch GitHub commit ID from kodata failed: open /var/run/ko/HEAD: no such file or directory"}
{"level":"info","ts":1584976011.8613553,"logger":"fallback-logger","caller":"bash/main.go:64","msg":"Successfully executed command \"sh -c mkdir -p /workspace/source\"; output "}

Showing logs for build [32mcb-kubecd-environment-pr-187-12-q2b2f-2[0m stage [32mfrom-build-pack[0m and container [32mstep-place-tools[0m

Showing logs for build [32mcb-kubecd-environment-pr-187-12-q2b2f-2[0m stage [32mfrom-build-pack[0m and container [32mstep-git-source-cb-kubecd-environment-pr-187-12-q2b2f-rth4g[0m
{"level":"warn","ts":1584976016.8826811,"logger":"fallback-logger","caller":"logging/config.go:69","msg":"Fetch GitHub commit ID from kodata failed: \"ref: refs/heads/0.8.0-**-support-backwards-incompats\" is not a valid GitHub commit ID"}
{"level":"info","ts":1584976017.0511904,"logger":"fallback-logger","caller":"git/git.go:103","msg":"Successfully cloned https://github.com/cb-kubecd/environment-pr-187-123-boot-eks-production.git @ master in path /workspace/source"}

Showing logs for build [32mcb-kubecd-environment-pr-187-12-q2b2f-2[0m stage [32mfrom-build-pack[0m and container [32mstep-git-merge[0m
Using SHAs from PULL_REFS=master:12e3d1e721b13722a14523513a9b01a8d868bb4c,1:12c27a0990a43a9ea54a4bc134b8bace4a81b7f3
DEBUG: LC_ALL=C JX_LOG_LEVEL=error git fetch origin --unshallow 12c27a0990a43a9ea54a4bc134b8bace4a81b7f3: 12e3d1e721b13722a14523513a9b01a8d868bb4c:
DEBUG: ran git fetch --unshallow origin 12c27a0990a43a9ea54a4bc134b8bace4a81b7f3: 12e3d1e721b13722a14523513a9b01a8d868bb4c: in 
DEBUG: LC_ALL=C JX_LOG_LEVEL=error git branch
DEBUG: LC_ALL=C JX_LOG_LEVEL=error git checkout master
DEBUG: ran git checkout master in 
DEBUG: LC_ALL=C JX_LOG_LEVEL=error git reset --hard 12e3d1e721b13722a14523513a9b01a8d868bb4c
DEBUG: ran git reset --hard 12e3d1e721b13722a14523513a9b01a8d868bb4c in 
DEBUG: LC_ALL=C JX_LOG_LEVEL=error git clean -fd .
DEBUG: ran clean --force -d . in 
DEBUG: JX_LOG_LEVEL=error LC_ALL=C git merge 12c27a0990a43a9ea54a4bc134b8bace4a81b7f3
DEBUG: ran git merge 12c27a0990a43a9ea54a4bc134b8bace4a81b7f3 in 
DEBUG: JX_LOG_LEVEL=error LC_ALL=C git log --format=%H%x1f%an%x1f%ae%x1f%cn%x1f%ce%x1f%s%n%b%x1e 12e3d1e721b13722a14523513a9b01a8d868bb4c..HEAD

Showing logs for build [32mcb-kubecd-environment-pr-187-12-q2b2f-2[0m stage [32mfrom-build-pack[0m and container [32mstep-build-helm-build[0m
WARNING: No $CHART_REPOSITORY defined so using the default value of: http://jenkins-x-chartmuseum:8080
Adding missing Helm repo: storage.googleapis.com https://storage.googleapis.com/chartmuseum.jenkins-x.io
WARNING: No secrets found on "helm/repos" due: reading the secret "helm/repos" from vault: no secret "helm/repos" not found in vault
Read credentials for https://storage.googleapis.com/chartmuseum.jenkins-x.io from vault helm/repos
Successfully added Helm repository storage.googleapis.com.
Adding missing Helm repo: jenkins-x-chartmuseum http://jenkins-x-chartmuseum:8080
WARNING: No secrets found on "helm/repos" due: reading the secret "helm/repos" from vault: no secret "helm/repos" not found in vault
Read credentials for http://jenkins-x-chartmuseum:8080 from vault helm/repos
Successfully added Helm repository jenkins-x-chartmuseum.
WARNING: No $CHART_REPOSITORY defined so using the default value of: http://jenkins-x-chartmuseum:8080
Adding missing Helm repo: chartmuseum.jenkins-x.io http://chartmuseum.jenkins-x.io
WARNING: No secrets found on "helm/repos" due: reading the secret "helm/repos" from vault: no secret "helm/repos" not found in vault
Read credentials for http://chartmuseum.jenkins-x.io from vault helm/repos
Successfully added Helm repository chartmuseum.jenkins-x.io.
